<?xml version="1.0" encoding="UTF-8"?>
<!-- Generated by org.testng.reporters.JUnitReportReporter -->
<testsuite hostname="LAPTOP-VKBHV4LJ" failures="0" tests="1" name="qa.tests.test" time="0.008" errors="0" timestamp="2024-10-09T01:38:02 GST" skipped="0">
  <testcase classname="qa.tests.test" name="method1" time="0.008"/>
</testsuite> <!-- qa.tests.test -->
