<?xml version="1.0" encoding="UTF-8"?>
<!-- Generated by org.testng.reporters.JUnitReportReporter -->
<testsuite hostname="LAPTOP-VKBHV4LJ" failures="0" tests="12" name="qa.tests.Testcases" time="93.220" errors="0" timestamp="2024-10-10T02:48:49 GST" skipped="0">
  <testcase classname="qa.tests.Testcases" name="Testcase1_Bahrain_subscriptiontypesaredisplayed" time="8.136"/>
  <testcase classname="qa.tests.Testcases" name="Testcase_2_Bahrain_validatesubsriptionTypes" time="7.594"/>
  <testcase classname="qa.tests.Testcases" name="Testcase3_Bahrain_Validatesubscriptionprices" time="6.929"/>
  <testcase classname="qa.tests.Testcases" name="Testcase4_Bahrain_Validatesubsriptioncurrency" time="3.272"/>
  <testcase classname="qa.tests.Testcases" name="Testcase5_KSA_subscriptiontypesaredisplayed" time="7.828"/>
  <testcase classname="qa.tests.Testcases" name="Testcase6_KSA_validatesubsriptionTypes" time="7.866"/>
  <testcase classname="qa.tests.Testcases" name="Testcase7_KSA_Validatesubscriptionprices" time="7.145"/>
  <testcase classname="qa.tests.Testcases" name="Testcase8_KSA_Validatesubsriptioncurrency" time="7.190"/>
  <testcase classname="qa.tests.Testcases" name="Testcase9_Kuwait_subscriptiontypesaredisplayed" time="13.520"/>
  <testcase classname="qa.tests.Testcases" name="Testcase_10_Kuwait_validatesubsriptionTypes" time="7.926"/>
  <testcase classname="qa.tests.Testcases" name="Testcase11_Kuwait_Validatesubscriptionprices" time="12.520"/>
  <testcase classname="qa.tests.Testcases" name="Testcase12_Kuwait_Validatesubsriptioncurrency" time="3.294"/>
</testsuite> <!-- qa.tests.Testcases -->
