<?xml version="1.0" encoding="UTF-8"?>
<!-- Generated by org.testng.reporters.JUnitReportReporter -->
<testsuite hostname="LAPTOP-VKBHV4LJ" failures="0" tests="12" name="qa.tests.Testcases" time="113.034" errors="0" timestamp="2024-10-09T04:56:25 GST" skipped="0">
  <testcase classname="qa.tests.Testcases" name="Testcase_001" time="10.888"/>
  <testcase classname="qa.tests.Testcases" name="Testcase_002" time="15.134"/>
  <testcase classname="qa.tests.Testcases" name="Testcase_003" time="8.925"/>
  <testcase classname="qa.tests.Testcases" name="Testcase_004" time="8.180"/>
  <testcase classname="qa.tests.Testcases" name="Testcase_005" time="8.835"/>
  <testcase classname="qa.tests.Testcases" name="Testcase_006" time="3.630"/>
  <testcase classname="qa.tests.Testcases" name="Testcase_007" time="8.061"/>
  <testcase classname="qa.tests.Testcases" name="Testcase_008" time="10.653"/>
  <testcase classname="qa.tests.Testcases" name="Testcase_9" time="9.165"/>
  <testcase classname="qa.tests.Testcases" name="Testcase_10" time="7.775"/>
  <testcase classname="qa.tests.Testcases" name="Testcase_11" time="13.284"/>
  <testcase classname="qa.tests.Testcases" name="Testcase_12" time="8.504"/>
</testsuite> <!-- qa.tests.Testcases -->
